0 info it worked if it ends with ok
1 verbose cli [ '/usr/local/bin/node',
1 verbose cli   '/usr/local/bin/npm',
1 verbose cli   'run',
1 verbose cli   'start_dev' ]
2 info using npm@3.10.9
3 info using node@v7.1.0
4 verbose run-script [ 'prestart_dev', 'start_dev', 'poststart_dev' ]
5 info lifecycle GitTraining@0.0.0~prestart_dev: GitTraining@0.0.0
6 silly lifecycle GitTraining@0.0.0~prestart_dev: no script for prestart_dev, continuing
7 info lifecycle GitTraining@0.0.0~start_dev: GitTraining@0.0.0
8 verbose lifecycle GitTraining@0.0.0~start_dev: unsafe-perm in lifecycle true
9 verbose lifecycle GitTraining@0.0.0~start_dev: PATH: /usr/local/lib/node_modules/npm/bin/node-gyp-bin:/app/node_modules/.bin:/usr/local/sbin:/usr/local/bin:/usr/sbin:/usr/bin:/sbin:/bin:/usr/java/latest/bin:/usr/share/maven/bin:/usr/bin/bower:/usr/bin/grunt
10 verbose lifecycle GitTraining@0.0.0~start_dev: CWD: /app
11 silly lifecycle GitTraining@0.0.0~start_dev: Args: [ '-c', 'concurrently "grunt watch" "mvn tomcat7:run"' ]
12 silly lifecycle GitTraining@0.0.0~start_dev: Returned: code: 1  signal: null
13 info lifecycle GitTraining@0.0.0~start_dev: Failed to exec start_dev script
14 verbose stack Error: GitTraining@0.0.0 start_dev: `concurrently "grunt watch" "mvn tomcat7:run"`
14 verbose stack Exit status 1
14 verbose stack     at EventEmitter.<anonymous> (/usr/local/lib/node_modules/npm/lib/utils/lifecycle.js:255:16)
14 verbose stack     at emitTwo (events.js:106:13)
14 verbose stack     at EventEmitter.emit (events.js:191:7)
14 verbose stack     at ChildProcess.<anonymous> (/usr/local/lib/node_modules/npm/lib/utils/spawn.js:40:14)
14 verbose stack     at emitTwo (events.js:106:13)
14 verbose stack     at ChildProcess.emit (events.js:191:7)
14 verbose stack     at maybeClose (internal/child_process.js:885:16)
14 verbose stack     at Process.ChildProcess._handle.onexit (internal/child_process.js:226:5)
15 verbose pkgid GitTraining@0.0.0
16 verbose cwd /app
17 error Linux 4.4.33-1-MANJARO
18 error argv "/usr/local/bin/node" "/usr/local/bin/npm" "run" "start_dev"
19 error node v7.1.0
20 error npm  v3.10.9
21 error code ELIFECYCLE
22 error GitTraining@0.0.0 start_dev: `concurrently "grunt watch" "mvn tomcat7:run"`
22 error Exit status 1
23 error Failed at the GitTraining@0.0.0 start_dev script 'concurrently "grunt watch" "mvn tomcat7:run"'.
23 error Make sure you have the latest version of node.js and npm installed.
23 error If you do, this is most likely a problem with the GitTraining package,
23 error not with npm itself.
23 error Tell the author that this fails on your system:
23 error     concurrently "grunt watch" "mvn tomcat7:run"
23 error You can get information on how to open an issue for this project with:
23 error     npm bugs GitTraining
23 error Or if that isn't available, you can get their info via:
23 error     npm owner ls GitTraining
23 error There is likely additional logging output above.
24 verbose exit [ 1, true ]
